<?xml version="1.0" encoding="UTF-8"?>
<!-- Generated by org.testng.reporters.JUnitReportReporter -->
<testsuite hostname="DESKTOP-OFNCMJA" failures="0" tests="1" name="orangehrm.pages.LoginPages" time="1.833" errors="0" timestamp="21 Nov 2023 14:30:05 GMT" skipped="0">
  <testcase classname="orangehrm.pages.LoginPages" name="testCase" time="1.833"/>
</testsuite> <!-- orangehrm.pages.LoginPages -->
