<?xml version="1.0" encoding="UTF-8"?>
<!-- Generated by org.testng.reporters.JUnitReportReporter -->
<testsuite hostname="DESKTOP-OFNCMJA" failures="0" tests="1" name="orangehrm.pages.PracticeLoginPages" time="7.374" errors="0" timestamp="23 Nov 2023 06:41:04 GMT" skipped="0">
  <testcase classname="orangehrm.pages.PracticeLoginPages" name="launch" time="7.374"/>
</testsuite> <!-- orangehrm.pages.PracticeLoginPages -->
