<?xml version="1.0" encoding="UTF-8"?>
<!-- Generated by org.testng.reporters.JUnitReportReporter -->
<testsuite hostname="DESKTOP-OFNCMJA" failures="0" tests="1" name="orangehrm.pages.BaseClass" time="5.433" errors="0" timestamp="21 Nov 2023 14:30:05 GMT" skipped="0">
  <testcase classname="orangehrm.pages.BaseClass" name="initializingDriver" time="5.433"/>
</testsuite> <!-- orangehrm.pages.BaseClass -->
